#
# There is insufficient memory for the Java Runtime Environment to continue.
# Native memory allocation (mmap) failed to map 65536 bytes for Failed to commit metaspace.
# Possible reasons:
#   The system is out of physical RAM or swap space
#   The process is running with CompressedOops enabled, and the Java Heap may be blocking the growth of the native heap
# Possible solutions:
#   Reduce memory load on the system
#   Increase physical memory or swap space
#   Check if swap backing store is full
#   Decrease Java heap size (-Xmx/-Xms)
#   Decrease number of Java threads
#   Decrease Java thread stack sizes (-Xss)
#   Set larger code cache with -XX:ReservedCodeCacheSize=
#   JVM is running with Unscaled Compressed Oops mode in which the Java heap is
#     placed in the first 4GB address space. The Java Heap base address is the
#     maximum limit for the native heap growth. Please use -XX:HeapBaseMinAddress
#     to set the Java Heap base and to place the Java Heap above 4GB virtual address.
# This output file may be truncated or incomplete.
#
#  Out of Memory Error (virtualSpaceNode.cpp:110), pid=75084, tid=50724
#
# JRE version: Java(TM) SE Runtime Environment (17.0.9+11) (build 17.0.9+11-LTS-201)
# Java VM: Java HotSpot(TM) 64-Bit Server VM (17.0.9+11-LTS-201, mixed mode, emulated-client, sharing, tiered, compressed oops, compressed class ptrs, g1 gc, windows-amd64)
# No core dump will be written. Minidumps are not enabled by default on client versions of Windows
#

---------------  S U M M A R Y ------------

Command Line: -XX:TieredStopAtLevel=1 -Dspring.output.ansi.enabled=always -Dcom.sun.management.jmxremote -Dspring.jmx.enabled=true -Dspring.liveBeansView.mbeanDomain -Dspring.application.admin.enabled=true -Dmanagement.endpoints.jmx.exposure.include=* -javaagent:C:\Users\User\AppData\Local\Programs\IntelliJ IDEA Ultimate\lib\idea_rt.jar=56366:C:\Users\User\AppData\Local\Programs\IntelliJ IDEA Ultimate\bin -Dfile.encoding=UTF-8 com.example.onlinemedicine.OnlineMedicineApplication

Host: Intel(R) Pentium(R) Gold 7505 @ 2.00GHz, 4 cores, 7G,  Windows 10 , 64 bit Build 19041 (10.0.19041.3636)
Time: Thu Nov 30 11:15:46 2023 West Asia Standard Time elapsed time: 13.661663 seconds (0d 0h 0m 13s)

---------------  T H R E A D  ---------------

Current thread (0x000001ef3137e340):  JavaThread "main" [_thread_in_vm, id=50724, stack(0x0000000492000000,0x0000000492100000)]

Stack: [0x0000000492000000,0x0000000492100000]
Native frames: (J=compiled Java code, j=interpreted, Vv=VM code, C=native code)
V  [jvm.dll+0x678a4a]
V  [jvm.dll+0x7d9cfd]
V  [jvm.dll+0x7db60e]
V  [jvm.dll+0x7dbc73]
V  [jvm.dll+0x245e1f]
V  [jvm.dll+0x7d5a0b]
V  [jvm.dll+0x61ebc6]
V  [jvm.dll+0x1c01f7]
V  [jvm.dll+0x621530]
V  [jvm.dll+0x61f586]
V  [jvm.dll+0x629367]
V  [jvm.dll+0x1e9c7d]
V  [jvm.dll+0x1ea245]
V  [jvm.dll+0x1eab8b]
V  [jvm.dll+0x1e0391]
V  [jvm.dll+0x53eaec]
V  [jvm.dll+0x754538]
V  [jvm.dll+0x754624]
V  [jvm.dll+0x40c73f]
V  [jvm.dll+0x412759]
C  [java.dll+0x17ec]

Java frames: (J=compiled Java code, j=interpreted, Vv=VM code)
J 1172  java.lang.ClassLoader.defineClass1(Ljava/lang/ClassLoader;Ljava/lang/String;[BIILjava/security/ProtectionDomain;Ljava/lang/String;)Ljava/lang/Class; java.base@17.0.9 (0 bytes) @ 0x000001ef38f5d863 [0x000001ef38f5d7a0+0x00000000000000c3]
J 1256 c1 java.lang.ClassLoader.defineClass(Ljava/lang/String;[BIILjava/security/ProtectionDomain;)Ljava/lang/Class; java.base@17.0.9 (43 bytes) @ 0x000001ef38f7f35c [0x000001ef38f7f260+0x00000000000000fc]
J 1176 c1 jdk.internal.loader.BuiltinClassLoader.defineClass(Ljava/lang/String;Ljdk/internal/loader/Resource;)Ljava/lang/Class; java.base@17.0.9 (121 bytes) @ 0x000001ef38f617e4 [0x000001ef38f61320+0x00000000000004c4]
J 1173 c1 jdk.internal.loader.BuiltinClassLoader.findClassOnClassPathOrNull(Ljava/lang/String;)Ljava/lang/Class; java.base@17.0.9 (64 bytes) @ 0x000001ef38f5fab4 [0x000001ef38f5f800+0x00000000000002b4]
J 956 c1 jdk.internal.loader.BuiltinClassLoader.loadClassOrNull(Ljava/lang/String;Z)Ljava/lang/Class; java.base@17.0.9 (143 bytes) @ 0x000001ef38f0475c [0x000001ef38f04300+0x000000000000045c]
J 1092 c1 jdk.internal.loader.ClassLoaders$AppClassLoader.loadClass(Ljava/lang/String;Z)Ljava/lang/Class; java.base@17.0.9 (40 bytes) @ 0x000001ef38f3fe24 [0x000001ef38f3fce0+0x0000000000000144]
J 1091 c1 java.lang.ClassLoader.loadClass(Ljava/lang/String;)Ljava/lang/Class; java.base@17.0.9 (7 bytes) @ 0x000001ef38f3f5e4 [0x000001ef38f3f5a0+0x0000000000000044]
v  ~StubRoutines::call_stub
J 1172  java.lang.ClassLoader.defineClass1(Ljava/lang/ClassLoader;Ljava/lang/String;[BIILjava/security/ProtectionDomain;Ljava/lang/String;)Ljava/lang/Class; java.base@17.0.9 (0 bytes) @ 0x000001ef38f5d863 [0x000001ef38f5d7a0+0x00000000000000c3]
J 1256 c1 java.lang.ClassLoader.defineClass(Ljava/lang/String;[BIILjava/security/ProtectionDomain;)Ljava/lang/Class; java.base@17.0.9 (43 bytes) @ 0x000001ef38f7f35c [0x000001ef38f7f260+0x00000000000000fc]
J 1176 c1 jdk.internal.loader.BuiltinClassLoader.defineClass(Ljava/lang/String;Ljdk/internal/loader/Resource;)Ljava/lang/Class; java.base@17.0.9 (121 bytes) @ 0x000001ef38f617e4 [0x000001ef38f61320+0x00000000000004c4]
J 1173 c1 jdk.internal.loader.BuiltinClassLoader.findClassOnClassPathOrNull(Ljava/lang/String;)Ljava/lang/Class; java.base@17.0.9 (64 bytes) @ 0x000001ef38f5fab4 [0x000001ef38f5f800+0x00000000000002b4]
J 956 c1 jdk.internal.loader.BuiltinClassLoader.loadClassOrNull(Ljava/lang/String;Z)Ljava/lang/Class; java.base@17.0.9 (143 bytes) @ 0x000001ef38f0475c [0x000001ef38f04300+0x000000000000045c]
J 1092 c1 jdk.internal.loader.ClassLoaders$AppClassLoader.loadClass(Ljava/lang/String;Z)Ljava/lang/Class; java.base@17.0.9 (40 bytes) @ 0x000001ef38f3fe24 [0x000001ef38f3fce0+0x0000000000000144]
J 1091 c1 java.lang.ClassLoader.loadClass(Ljava/lang/String;)Ljava/lang/Class; java.base@17.0.9 (7 bytes) @ 0x000001ef38f3f5e4 [0x000001ef38f3f5a0+0x0000000000000044]
v  ~StubRoutines::call_stub
j  org.hibernate.metamodel.mapping.internal.ToOneAttributeMapping.buildEntityFetchJoined(Lorg/hibernate/sql/results/graph/FetchParent;Lorg/hibernate/metamodel/mapping/internal/ToOneAttributeMapping;Lorg/hibernate/sql/ast/tree/from/TableGroup;Lorg/hibernate/sql/results/graph/DomainResult;Lorg/hibernate/spi/NavigablePath;Lorg/hibernate/sql/results/graph/DomainResultCreationState;)Lorg/hibernate/sql/results/graph/entity/EntityFetch;+0
j  org.hibernate.metamodel.mapping.internal.ToOneAttributeMapping.lambda$generateFetch$0(Lorg/hibernate/spi/NavigablePath;Lorg/hibernate/sql/ast/tree/from/TableGroup;Lorg/hibernate/sql/results/graph/FetchParent;Lorg/hibernate/sql/results/graph/DomainResultCreationState;Lorg/hibernate/sql/ast/tree/from/TableGroup;)Lorg/hibernate/sql/results/graph/entity/EntityFetch;+79
j  org.hibernate.metamodel.mapping.internal.ToOneAttributeMapping$$Lambda$1108+0x000001ef44876d00.get()Ljava/lang/Object;+24
j  org.hibernate.metamodel.mapping.internal.ToOneAttributeMapping.withRegisteredAssociationKeys(Ljava/util/function/Supplier;Lorg/hibernate/sql/results/graph/DomainResultCreationState;)Lorg/hibernate/sql/results/graph/entity/EntityFetch;+122
j  org.hibernate.metamodel.mapping.internal.ToOneAttributeMapping.generateFetch(Lorg/hibernate/sql/results/graph/FetchParent;Lorg/hibernate/spi/NavigablePath;Lorg/hibernate/engine/FetchTiming;ZLjava/lang/String;Lorg/hibernate/sql/results/graph/DomainResultCreationState;)Lorg/hibernate/sql/results/graph/entity/EntityFetch;+141
j  org.hibernate.metamodel.mapping.internal.ToOneAttributeMapping.generateFetch(Lorg/hibernate/sql/results/graph/FetchParent;Lorg/hibernate/spi/NavigablePath;Lorg/hibernate/engine/FetchTiming;ZLjava/lang/String;Lorg/hibernate/sql/results/graph/DomainResultCreationState;)Lorg/hibernate/sql/results/graph/Fetch;+10
j  org.hibernate.sql.results.graph.FetchParent.generateFetchableFetch(Lorg/hibernate/sql/results/graph/Fetchable;Lorg/hibernate/spi/NavigablePath;Lorg/hibernate/engine/FetchTiming;ZLjava/lang/String;Lorg/hibernate/sql/results/graph/DomainResultCreationState;)Lorg/hibernate/sql/results/graph/Fetch;+10
j  org.hibernate.loader.ast.internal.LoaderSelectBuilder.lambda$createFetchableConsumer$3(Lorg/hibernate/sql/results/graph/FetchParent;Lorg/hibernate/loader/ast/internal/LoaderSqlAstCreationState;Lorg/hibernate/sql/results/graph/internal/ImmutableFetchList$Builder;Lorg/hibernate/sql/results/graph/Fetchable;ZZ)V+837
j  org.hibernate.loader.ast.internal.LoaderSelectBuilder$$Lambda$1104+0x000001ef44874e08.accept(Lorg/hibernate/sql/results/graph/Fetchable;ZZ)V+19
j  org.hibernate.loader.ast.internal.LoaderSelectBuilder.visitFetches(Lorg/hibernate/sql/results/graph/FetchParent;Lorg/hibernate/loader/ast/internal/LoaderSqlAstCreationState;)Lorg/hibernate/sql/results/graph/internal/ImmutableFetchList;+184
j  org.hibernate.loader.ast.internal.LoaderSelectBuilder$$Lambda$1097+0x000001ef4486ecb8.visitFetches(Lorg/hibernate/sql/results/graph/FetchParent;Lorg/hibernate/loader/ast/internal/LoaderSqlAstCreationState;)Lorg/hibernate/sql/results/graph/internal/ImmutableFetchList;+6
j  org.hibernate.loader.ast.internal.LoaderSqlAstCreationState.visitFetches(Lorg/hibernate/sql/results/graph/FetchParent;)Lorg/hibernate/sql/results/graph/internal/ImmutableFetchList;+6
j  org.hibernate.sql.results.graph.AbstractFetchParent.afterInitialize(Lorg/hibernate/sql/results/graph/FetchParent;Lorg/hibernate/sql/results/graph/DomainResultCreationState;)V+27
j  org.hibernate.sql.results.graph.entity.AbstractEntityResultGraphNode.afterInitialize(Lorg/hibernate/sql/results/graph/FetchParent;Lorg/hibernate/sql/results/graph/DomainResultCreationState;)V+146
j  org.hibernate.persister.entity.AbstractEntityPersister.createDomainResult(Lorg/hibernate/spi/NavigablePath;Lorg/hibernate/sql/ast/tree/from/TableGroup;Ljava/lang/String;Lorg/hibernate/sql/results/graph/DomainResultCreationState;)Lorg/hibernate/sql/results/graph/DomainResult;+19
j  org.hibernate.loader.ast.internal.LoaderSelectBuilder.generateSelect()Lorg/hibernate/sql/ast/tree/select/SelectStatement;+101
j  org.hibernate.loader.ast.internal.LoaderSelectBuilder.createSelect(Lorg/hibernate/loader/ast/spi/Loadable;Ljava/util/List;Lorg/hibernate/metamodel/mapping/ModelPart;Lorg/hibernate/sql/results/graph/DomainResult;ILorg/hibernate/engine/spi/LoadQueryInfluencers;Lorg/hibernate/LockOptions;Ljava/util/function/Consumer;Lorg/hibernate/engine/spi/SessionFactoryImplementor;)Lorg/hibernate/sql/ast/tree/select/SelectStatement;+25
j  org.hibernate.loader.ast.internal.SingleIdEntityLoaderStandardImpl.createLoadPlan(Lorg/hibernate/LockOptions;Lorg/hibernate/engine/spi/LoadQueryInfluencers;Lorg/hibernate/engine/spi/SessionFactoryImplementor;)Lorg/hibernate/loader/ast/internal/SingleIdLoadPlan;+36
j  org.hibernate.loader.ast.internal.SingleIdEntityLoaderStandardImpl.prepare()V+23
j  org.hibernate.persister.entity.AbstractEntityPersister.prepareLoader(Lorg/hibernate/loader/ast/spi/Loader;)V+11
j  org.hibernate.persister.entity.AbstractEntityPersister.postInstantiate()V+9
j  org.hibernate.metamodel.model.domain.internal.MappingMetamodelImpl.finishInitialization(Lorg/hibernate/metamodel/spi/RuntimeModelCreationContext;)V+143
j  org.hibernate.internal.SessionFactoryImpl.initializeMappingModel(Lorg/hibernate/metamodel/model/domain/internal/MappingMetamodelImpl;Lorg/hibernate/boot/spi/BootstrapContext;Lorg/hibernate/boot/spi/MetadataImplementor;Lorg/hibernate/boot/spi/SessionFactoryOptions;)V+18
j  org.hibernate.internal.SessionFactoryImpl.<init>(Lorg/hibernate/boot/spi/MetadataImplementor;Lorg/hibernate/boot/spi/SessionFactoryOptions;Lorg/hibernate/boot/spi/BootstrapContext;)V+430
j  org.hibernate.boot.internal.SessionFactoryBuilderImpl.build()Lorg/hibernate/SessionFactory;+16
j  org.hibernate.jpa.boot.internal.EntityManagerFactoryBuilderImpl.build()Ljakarta/persistence/EntityManagerFactory;+22
j  org.springframework.orm.jpa.vendor.SpringHibernateJpaPersistenceProvider.createContainerEntityManagerFactory(Ljakarta/persistence/spi/PersistenceUnitInfo;Ljava/util/Map;)Ljakarta/persistence/EntityManagerFactory;+59
j  org.springframework.orm.jpa.LocalContainerEntityManagerFactoryBean.createNativeEntityManagerFactory()Ljakarta/persistence/EntityManagerFactory;+111
j  org.springframework.orm.jpa.AbstractEntityManagerFactoryBean.buildNativeEntityManagerFactory()Ljakarta/persistence/EntityManagerFactory;+1
j  org.springframework.orm.jpa.AbstractEntityManagerFactoryBean.afterPropertiesSet()V+192
j  org.springframework.orm.jpa.LocalContainerEntityManagerFactoryBean.afterPropertiesSet()V+84
j  org.springframework.beans.factory.support.AbstractAutowireCapableBeanFactory.invokeInitMethods(Ljava/lang/String;Ljava/lang/Object;Lorg/springframework/beans/factory/support/RootBeanDefinition;)V+56
j  org.springframework.beans.factory.support.AbstractAutowireCapableBeanFactory.initializeBean(Ljava/lang/String;Ljava/lang/Object;Lorg/springframework/beans/factory/support/RootBeanDefinition;)Ljava/lang/Object;+34
j  org.springframework.beans.factory.support.AbstractAutowireCapableBeanFactory.doCreateBean(Ljava/lang/String;Lorg/springframework/beans/factory/support/RootBeanDefinition;[Ljava/lang/Object;)Ljava/lang/Object;+228
j  org.springframework.beans.factory.support.AbstractAutowireCapableBeanFactory.createBean(Ljava/lang/String;Lorg/springframework/beans/factory/support/RootBeanDefinition;[Ljava/lang/Object;)Ljava/lang/Object;+153
j  org.springframework.beans.factory.support.AbstractBeanFactory.lambda$doGetBean$0(Ljava/lang/String;Lorg/springframework/beans/factory/support/RootBeanDefinition;[Ljava/lang/Object;)Ljava/lang/Object;+4
j  org.springframework.beans.factory.support.AbstractBeanFactory$$Lambda$350+0x000001ef442265d8.getObject()Ljava/lang/Object;+16
j  org.springframework.beans.factory.support.DefaultSingletonBeanRegistry.getSingleton(Ljava/lang/String;Lorg/springframework/beans/factory/ObjectFactory;)Ljava/lang/Object;+114
J 2753 c1 org.springframework.beans.factory.support.AbstractBeanFactory.doGetBean(Ljava/lang/String;Ljava/lang/Class;[Ljava/lang/Object;Z)Ljava/lang/Object; (714 bytes) @ 0x000001ef3927aa04 [0x000001ef3927a440+0x00000000000005c4]
j  org.springframework.beans.factory.support.AbstractBeanFactory.getBean(Ljava/lang/String;)Ljava/lang/Object;+5
j  org.springframework.context.support.AbstractApplicationContext.getBean(Ljava/lang/String;)Ljava/lang/Object;+9
j  org.springframework.context.support.AbstractApplicationContext.finishBeanFactoryInitialization(Lorg/springframework/beans/factory/config/ConfigurableListableBeanFactory;)V+106
j  org.springframework.context.support.AbstractApplicationContext.refresh()V+86
j  org.springframework.boot.web.servlet.context.ServletWebServerApplicationContext.refresh()V+1
j  org.springframework.boot.SpringApplication.refresh(Lorg/springframework/context/ConfigurableApplicationContext;)V+1
j  org.springframework.boot.SpringApplication.refreshContext(Lorg/springframework/context/ConfigurableApplicationContext;)V+16
j  org.springframework.boot.SpringApplication.run([Ljava/lang/String;)Lorg/springframework/context/ConfigurableApplicationContext;+114
j  org.springframework.boot.SpringApplication.run([Ljava/lang/Class;[Ljava/lang/String;)Lorg/springframework/context/ConfigurableApplicationContext;+9
j  org.springframework.boot.SpringApplication.run(Ljava/lang/Class;[Ljava/lang/String;)Lorg/springframework/context/ConfigurableApplicationContext;+9
j  com.example.onlinemedicine.OnlineMedicineApplication.main([Ljava/lang/String;)V+3
v  ~StubRoutines::call_stub

---------------  P R O C E S S  ---------------

Threads class SMR info:
_java_thread_list=0x000001ef89c88a40, length=23, elements={
0x000001ef3137e340, 0x000001ef429ed540, 0x000001ef429ee100, 0x000001ef42a03340,
0x000001ef42a03f00, 0x000001ef42a088e0, 0x000001ef42a09a40, 0x000001ef42a0b260,
0x000001ef42a16630, 0x000001ef429d8d30, 0x000001ef42c06d50, 0x000001ef8825cd00,
0x000001ef8825d1e0, 0x000001ef88352b90, 0x000001ef42c08d30, 0x000001ef88735b00,
0x000001ef887b2110, 0x000001ef892344f0, 0x000001ef892330b0, 0x000001ef89233ad0,
0x000001ef89232ba0, 0x000001ef892335c0, 0x000001ef89d7f030
}

Java Threads: ( => current thread )
=>0x000001ef3137e340 JavaThread "main" [_thread_in_vm, id=50724, stack(0x0000000492000000,0x0000000492100000)]
  0x000001ef429ed540 JavaThread "Reference Handler" daemon [_thread_blocked, id=69196, stack(0x0000000492700000,0x0000000492800000)]
  0x000001ef429ee100 JavaThread "Finalizer" daemon [_thread_blocked, id=70172, stack(0x0000000492800000,0x0000000492900000)]
  0x000001ef42a03340 JavaThread "Signal Dispatcher" daemon [_thread_blocked, id=75068, stack(0x0000000492900000,0x0000000492a00000)]
  0x000001ef42a03f00 JavaThread "Attach Listener" daemon [_thread_blocked, id=71816, stack(0x0000000492a00000,0x0000000492b00000)]
  0x000001ef42a088e0 JavaThread "Service Thread" daemon [_thread_blocked, id=56432, stack(0x0000000492b00000,0x0000000492c00000)]
  0x000001ef42a09a40 JavaThread "Monitor Deflation Thread" daemon [_thread_blocked, id=73368, stack(0x0000000492c00000,0x0000000492d00000)]
  0x000001ef42a0b260 JavaThread "C1 CompilerThread0" daemon [_thread_blocked, id=1604, stack(0x0000000492d00000,0x0000000492e00000)]
  0x000001ef42a16630 JavaThread "Sweeper thread" daemon [_thread_blocked, id=72020, stack(0x0000000492e00000,0x0000000492f00000)]
  0x000001ef429d8d30 JavaThread "Common-Cleaner" daemon [_thread_blocked, id=73216, stack(0x0000000492f00000,0x0000000493000000)]
  0x000001ef42c06d50 JavaThread "C1 CompilerThread1" daemon [_thread_blocked, id=74880, stack(0x0000000493000000,0x0000000493100000)]
  0x000001ef8825cd00 JavaThread "Monitor Ctrl-Break" daemon [_thread_in_native, id=75276, stack(0x0000000493100000,0x0000000493200000)]
  0x000001ef8825d1e0 JavaThread "Notification Thread" daemon [_thread_blocked, id=75088, stack(0x0000000493200000,0x0000000493300000)]
  0x000001ef88352b90 JavaThread "RMI TCP Accept-0" daemon [_thread_in_native, id=74472, stack(0x0000000493300000,0x0000000493400000)]
  0x000001ef42c08d30 JavaThread "C1 CompilerThread2" daemon [_thread_blocked, id=69204, stack(0x0000000493900000,0x0000000493a00000)]
  0x000001ef88735b00 JavaThread "RMI TCP Connection(1)-10.10.1.40" daemon [_thread_in_native, id=71964, stack(0x0000000493a00000,0x0000000493b00000)]
  0x000001ef887b2110 JavaThread "RMI Scheduler(0)" daemon [_thread_blocked, id=59976, stack(0x0000000493b00000,0x0000000493c00000)]
  0x000001ef892344f0 JavaThread "Catalina-utility-1" [_thread_blocked, id=66360, stack(0x0000000493c00000,0x0000000493d00000)]
  0x000001ef892330b0 JavaThread "Catalina-utility-2" [_thread_blocked, id=71744, stack(0x0000000493d00000,0x0000000493e00000)]
  0x000001ef89233ad0 JavaThread "container-0" [_thread_blocked, id=60652, stack(0x0000000493e00000,0x0000000493f00000)]
  0x000001ef89232ba0 JavaThread "PostgreSQL-JDBC-Cleaner" daemon [_thread_blocked, id=75024, stack(0x0000000494000000,0x0000000494100000)]
  0x000001ef892335c0 JavaThread "HikariPool-1 housekeeper" daemon [_thread_blocked, id=67172, stack(0x0000000494100000,0x0000000494200000)]
  0x000001ef89d7f030 JavaThread "HikariPool-1 connection adder" daemon [_thread_in_native, id=75492, stack(0x0000000494200000,0x0000000494300000)]

Other Threads:
  0x000001ef429e6630 VMThread "VM Thread" [stack: 0x0000000492600000,0x0000000492700000] [id=74732]
  0x000001ef3137f300 WatcherThread [stack: 0x0000000493800000,0x0000000493900000] [id=75140]
  0x000001ef313d91b0 GCTaskThread "GC Thread#0" [stack: 0x0000000492100000,0x0000000492200000] [id=74920]
  0x000001ef88344260 GCTaskThread "GC Thread#1" [stack: 0x0000000493400000,0x0000000493500000] [id=67264]
  0x000001ef883863f0 GCTaskThread "GC Thread#2" [stack: 0x0000000493500000,0x0000000493600000] [id=74288]
  0x000001ef883ab4b0 GCTaskThread "GC Thread#3" [stack: 0x0000000493600000,0x0000000493700000] [id=71448]
  0x000001ef313e9ac0 ConcurrentGCThread "G1 Main Marker" [stack: 0x0000000492200000,0x0000000492300000] [id=75696]
  0x000001ef313ea4d0 ConcurrentGCThread "G1 Conc#0" [stack: 0x0000000492300000,0x0000000492400000] [id=73916]
  0x000001ef3143de20 ConcurrentGCThread "G1 Refine#0" [stack: 0x0000000492400000,0x0000000492500000] [id=75184]
  0x000001ef42d2b4d0 ConcurrentGCThread "G1 Refine#1" [stack: 0x0000000493700000,0x0000000493800000] [id=14908]
  0x000001ef3143e850 ConcurrentGCThread "G1 Service" [stack: 0x0000000492500000,0x0000000492600000] [id=72288]

Threads with active compile tasks:

VM state: not at safepoint (normal execution)

VM Mutex/Monitor currently owned by a thread:  ([mutex/lock_event])
[0x000001ef31378bf0] Metaspace_lock - owner thread: 0x000001ef3137e340

Heap address: 0x0000000083200000, size: 1998 MB, Compressed Oops mode: 32-bit

CDS archive(s) mapped at: [0x000001ef43000000-0x000001ef43bd0000-0x000001ef43bd0000), size 12386304, SharedBaseAddress: 0x000001ef43000000, ArchiveRelocationMode: 1.
Compressed class space mapped at: 0x000001ef44000000-0x000001ef84000000, reserved size: 1073741824
Narrow klass base: 0x000001ef43000000, Narrow klass shift: 0, Narrow klass range: 0x100000000

GC Precious Log:
 CPUs: 4 total, 4 available
 Memory: 7991M
 Large Page Support: Disabled
 NUMA Support: Disabled
 Compressed Oops: Enabled (32-bit)
 Heap Region Size: 1M
 Heap Min Capacity: 8M
 Heap Initial Capacity: 126M
 Heap Max Capacity: 1998M
 Pre-touch: Disabled
 Parallel Workers: 4
 Concurrent Workers: 1
 Concurrent Refinement Workers: 4
 Periodic GC: Disabled

Heap:
 garbage-first heap   total 81920K, used 48033K [0x0000000083200000, 0x0000000100000000)
  region size 1024K, 24 young (24576K), 2 survivors (2048K)
 Metaspace       used 59270K, committed 59776K, reserved 1114112K
  class space    used 8471K, committed 8704K, reserved 1048576K

Heap Regions: E=young(eden), S=young(survivor), O=old, HS=humongous(starts), HC=humongous(continues), CS=collection set, F=free, OA=open archive, CA=closed archive, TAMS=top-at-mark-start (previous, next)
|   0|0x0000000083200000, 0x0000000083300000, 0x0000000083300000|100%|HS|  |TAMS 0x0000000083300000, 0x0000000083200000| Complete 
|   1|0x0000000083300000, 0x0000000083400000, 0x0000000083400000|100%| O|  |TAMS 0x0000000083400000, 0x0000000083300000| Untracked 
|   2|0x0000000083400000, 0x0000000083500000, 0x0000000083500000|100%| O|  |TAMS 0x0000000083500000, 0x0000000083400000| Untracked 
|   3|0x0000000083500000, 0x0000000083600000, 0x0000000083600000|100%| O|  |TAMS 0x0000000083600000, 0x0000000083500000| Untracked 
|   4|0x0000000083600000, 0x0000000083700000, 0x0000000083700000|100%| O|  |TAMS 0x0000000083700000, 0x0000000083600000| Untracked 
|   5|0x0000000083700000, 0x0000000083800000, 0x0000000083800000|100%| O|  |TAMS 0x0000000083800000, 0x0000000083700000| Untracked 
|   6|0x0000000083800000, 0x0000000083900000, 0x0000000083900000|100%| O|  |TAMS 0x0000000083900000, 0x0000000083800000| Untracked 
|   7|0x0000000083900000, 0x0000000083a00000, 0x0000000083a00000|100%| O|  |TAMS 0x0000000083900000, 0x0000000083900000| Untracked 
|   8|0x0000000083a00000, 0x0000000083b00000, 0x0000000083b00000|100%| O|  |TAMS 0x0000000083b00000, 0x0000000083a00000| Untracked 
|   9|0x0000000083b00000, 0x0000000083c00000, 0x0000000083c00000|100%| O|  |TAMS 0x0000000083c00000, 0x0000000083b00000| Untracked 
|  10|0x0000000083c00000, 0x0000000083d00000, 0x0000000083d00000|100%| O|  |TAMS 0x0000000083d00000, 0x0000000083c00000| Untracked 
|  11|0x0000000083d00000, 0x0000000083e00000, 0x0000000083e00000|100%| O|  |TAMS 0x0000000083e00000, 0x0000000083d00000| Untracked 
|  12|0x0000000083e00000, 0x0000000083f00000, 0x0000000083f00000|100%| O|  |TAMS 0x0000000083f00000, 0x0000000083e00000| Untracked 
|  13|0x0000000083f00000, 0x0000000084000000, 0x0000000084000000|100%| O|  |TAMS 0x0000000083f00000, 0x0000000083f00000| Untracked 
|  14|0x0000000084000000, 0x0000000084100000, 0x0000000084100000|100%| O|  |TAMS 0x0000000084000000, 0x0000000084000000| Untracked 
|  15|0x0000000084100000, 0x0000000084200000, 0x0000000084200000|100%| O|  |TAMS 0x0000000084100000, 0x0000000084100000| Untracked 
|  16|0x0000000084200000, 0x0000000084300000, 0x0000000084300000|100%| O|  |TAMS 0x0000000084200000, 0x0000000084200000| Untracked 
|  17|0x0000000084300000, 0x0000000084400000, 0x0000000084400000|100%| O|  |TAMS 0x0000000084300000, 0x0000000084300000| Untracked 
|  18|0x0000000084400000, 0x0000000084500000, 0x0000000084500000|100%| O|  |TAMS 0x0000000084400000, 0x0000000084400000| Untracked 
|  19|0x0000000084500000, 0x0000000084600000, 0x0000000084600000|100%| O|  |TAMS 0x0000000084500000, 0x0000000084500000| Untracked 
|  20|0x0000000084600000, 0x0000000084700000, 0x0000000084700000|100%| O|  |TAMS 0x0000000084700000, 0x0000000084600000| Untracked 
|  21|0x0000000084700000, 0x0000000084800000, 0x0000000084800000|100%| O|  |TAMS 0x0000000084800000, 0x0000000084700000| Untracked 
|  22|0x0000000084800000, 0x0000000084900000, 0x0000000084900000|100%| O|  |TAMS 0x0000000084900000, 0x0000000084800000| Untracked 
|  23|0x0000000084900000, 0x0000000084a00000, 0x0000000084a00000|100%| O|  |TAMS 0x0000000084a00000, 0x0000000084900000| Untracked 
|  24|0x0000000084a00000, 0x0000000084a00000, 0x0000000084b00000|  0%| F|  |TAMS 0x0000000084a00000, 0x0000000084a00000| Untracked 
|  25|0x0000000084b00000, 0x0000000084b52e00, 0x0000000084c00000| 32%| O|  |TAMS 0x0000000084b00000, 0x0000000084b00000| Untracked 
|  26|0x0000000084c00000, 0x0000000084c00000, 0x0000000084d00000|  0%| F|  |TAMS 0x0000000084c00000, 0x0000000084c00000| Untracked 
|  27|0x0000000084d00000, 0x0000000084d00000, 0x0000000084e00000|  0%| F|  |TAMS 0x0000000084d00000, 0x0000000084d00000| Untracked 
|  28|0x0000000084e00000, 0x0000000084e00000, 0x0000000084f00000|  0%| F|  |TAMS 0x0000000084e00000, 0x0000000084e00000| Untracked 
|  29|0x0000000084f00000, 0x0000000084f00000, 0x0000000085000000|  0%| F|  |TAMS 0x0000000084f00000, 0x0000000084f00000| Untracked 
|  30|0x0000000085000000, 0x0000000085000000, 0x0000000085100000|  0%| F|  |TAMS 0x0000000085000000, 0x0000000085000000| Untracked 
|  31|0x0000000085100000, 0x0000000085100000, 0x0000000085200000|  0%| F|  |TAMS 0x0000000085100000, 0x0000000085100000| Untracked 
|  32|0x0000000085200000, 0x0000000085200000, 0x0000000085300000|  0%| F|  |TAMS 0x0000000085200000, 0x0000000085200000| Untracked 
|  33|0x0000000085300000, 0x0000000085300000, 0x0000000085400000|  0%| F|  |TAMS 0x0000000085300000, 0x0000000085300000| Untracked 
|  34|0x0000000085400000, 0x0000000085400000, 0x0000000085500000|  0%| F|  |TAMS 0x0000000085400000, 0x0000000085400000| Untracked 
|  35|0x0000000085500000, 0x0000000085500000, 0x0000000085600000|  0%| F|  |TAMS 0x0000000085500000, 0x0000000085500000| Untracked 
|  36|0x0000000085600000, 0x0000000085600000, 0x0000000085700000|  0%| F|  |TAMS 0x0000000085600000, 0x0000000085600000| Untracked 
|  37|0x0000000085700000, 0x0000000085700000, 0x0000000085800000|  0%| F|  |TAMS 0x0000000085700000, 0x0000000085700000| Untracked 
|  38|0x0000000085800000, 0x0000000085800000, 0x0000000085900000|  0%| F|  |TAMS 0x0000000085800000, 0x0000000085800000| Untracked 
|  39|0x0000000085900000, 0x0000000085900000, 0x0000000085a00000|  0%| F|  |TAMS 0x0000000085900000, 0x0000000085900000| Untracked 
|  40|0x0000000085a00000, 0x0000000085a00000, 0x0000000085b00000|  0%| F|  |TAMS 0x0000000085a00000, 0x0000000085a00000| Untracked 
|  41|0x0000000085b00000, 0x0000000085b95890, 0x0000000085c00000| 58%| S|CS|TAMS 0x0000000085b00000, 0x0000000085b00000| Complete 
|  42|0x0000000085c00000, 0x0000000085d00000, 0x0000000085d00000|100%| S|CS|TAMS 0x0000000085c00000, 0x0000000085c00000| Complete 
|  43|0x0000000085d00000, 0x0000000085d00000, 0x0000000085e00000|  0%| F|  |TAMS 0x0000000085d00000, 0x0000000085d00000| Untracked 
|  44|0x0000000085e00000, 0x0000000085e00000, 0x0000000085f00000|  0%| F|  |TAMS 0x0000000085e00000, 0x0000000085e00000| Untracked 
|  45|0x0000000085f00000, 0x0000000085f00000, 0x0000000086000000|  0%| F|  |TAMS 0x0000000085f00000, 0x0000000085f00000| Untracked 
|  46|0x0000000086000000, 0x0000000086000000, 0x0000000086100000|  0%| F|  |TAMS 0x0000000086000000, 0x0000000086000000| Untracked 
|  47|0x0000000086100000, 0x0000000086100000, 0x0000000086200000|  0%| F|  |TAMS 0x0000000086100000, 0x0000000086100000| Untracked 
|  48|0x0000000086200000, 0x0000000086200000, 0x0000000086300000|  0%| F|  |TAMS 0x0000000086200000, 0x0000000086200000| Untracked 
|  49|0x0000000086300000, 0x0000000086300000, 0x0000000086400000|  0%| F|  |TAMS 0x0000000086300000, 0x0000000086300000| Untracked 
|  50|0x0000000086400000, 0x0000000086400000, 0x0000000086500000|  0%| F|  |TAMS 0x0000000086400000, 0x0000000086400000| Untracked 
|  51|0x0000000086500000, 0x0000000086500000, 0x0000000086600000|  0%| F|  |TAMS 0x0000000086500000, 0x0000000086500000| Untracked 
|  52|0x0000000086600000, 0x0000000086600000, 0x0000000086700000|  0%| F|  |TAMS 0x0000000086600000, 0x0000000086600000| Untracked 
|  53|0x0000000086700000, 0x0000000086700000, 0x0000000086800000|  0%| F|  |TAMS 0x0000000086700000, 0x0000000086700000| Untracked 
|  54|0x0000000086800000, 0x0000000086800000, 0x0000000086900000|  0%| F|  |TAMS 0x0000000086800000, 0x0000000086800000| Untracked 
|  55|0x0000000086900000, 0x0000000086900000, 0x0000000086a00000|  0%| F|  |TAMS 0x0000000086900000, 0x0000000086900000| Untracked 
|  56|0x0000000086a00000, 0x0000000086a00000, 0x0000000086b00000|  0%| F|  |TAMS 0x0000000086a00000, 0x0000000086a00000| Untracked 
|  57|0x0000000086b00000, 0x0000000086b00000, 0x0000000086c00000|  0%| F|  |TAMS 0x0000000086b00000, 0x0000000086b00000| Untracked 
|  58|0x0000000086c00000, 0x0000000086c80800, 0x0000000086d00000| 50%| E|  |TAMS 0x0000000086c00000, 0x0000000086c00000| Complete 
|  59|0x0000000086d00000, 0x0000000086e00000, 0x0000000086e00000|100%| E|CS|TAMS 0x0000000086d00000, 0x0000000086d00000| Complete 
|  60|0x0000000086e00000, 0x0000000086f00000, 0x0000000086f00000|100%| E|CS|TAMS 0x0000000086e00000, 0x0000000086e00000| Complete 
|  61|0x0000000086f00000, 0x0000000087000000, 0x0000000087000000|100%| E|CS|TAMS 0x0000000086f00000, 0x0000000086f00000| Complete 
|  62|0x0000000087000000, 0x0000000087100000, 0x0000000087100000|100%| E|CS|TAMS 0x0000000087000000, 0x0000000087000000| Complete 
|  63|0x0000000087100000, 0x0000000087200000, 0x0000000087200000|100%| E|CS|TAMS 0x0000000087100000, 0x0000000087100000| Complete 
|  64|0x0000000087200000, 0x0000000087300000, 0x0000000087300000|100%| E|CS|TAMS 0x0000000087200000, 0x0000000087200000| Complete 
|  65|0x0000000087300000, 0x0000000087400000, 0x0000000087400000|100%| E|CS|TAMS 0x0000000087300000, 0x0000000087300000| Complete 
|  66|0x0000000087400000, 0x0000000087500000, 0x0000000087500000|100%| E|CS|TAMS 0x0000000087400000, 0x0000000087400000| Complete 
|  67|0x0000000087500000, 0x0000000087600000, 0x0000000087600000|100%| E|CS|TAMS 0x0000000087500000, 0x0000000087500000| Complete 
|  68|0x0000000087600000, 0x0000000087700000, 0x0000000087700000|100%| E|CS|TAMS 0x0000000087600000, 0x0000000087600000| Complete 
|  69|0x0000000087700000, 0x0000000087800000, 0x0000000087800000|100%| E|CS|TAMS 0x0000000087700000, 0x0000000087700000| Complete 
|  70|0x0000000087800000, 0x0000000087900000, 0x0000000087900000|100%| E|CS|TAMS 0x0000000087800000, 0x0000000087800000| Complete 
|  71|0x0000000087900000, 0x0000000087a00000, 0x0000000087a00000|100%| E|CS|TAMS 0x0000000087900000, 0x0000000087900000| Complete 
|  72|0x0000000087a00000, 0x0000000087b00000, 0x0000000087b00000|100%| E|CS|TAMS 0x0000000087a00000, 0x0000000087a00000| Complete 
|  73|0x0000000087b00000, 0x0000000087c00000, 0x0000000087c00000|100%| E|CS|TAMS 0x0000000087b00000, 0x0000000087b00000| Complete 
|  74|0x0000000087c00000, 0x0000000087d00000, 0x0000000087d00000|100%| E|CS|TAMS 0x0000000087c00000, 0x0000000087c00000| Complete 
|  75|0x0000000087d00000, 0x0000000087e00000, 0x0000000087e00000|100%| E|CS|TAMS 0x0000000087d00000, 0x0000000087d00000| Complete 
|  76|0x0000000087e00000, 0x0000000087f00000, 0x0000000087f00000|100%| E|CS|TAMS 0x0000000087e00000, 0x0000000087e00000| Complete 
|  77|0x0000000087f00000, 0x0000000088000000, 0x0000000088000000|100%| E|CS|TAMS 0x0000000087f00000, 0x0000000087f00000| Complete 
|  78|0x0000000088000000, 0x0000000088100000, 0x0000000088100000|100%| E|CS|TAMS 0x0000000088000000, 0x0000000088000000| Complete 
| 125|0x000000008af00000, 0x000000008b000000, 0x000000008b000000|100%| E|CS|TAMS 0x000000008af00000, 0x000000008af00000| Complete 

Card table byte_map: [0x000001ef3c000000,0x000001ef3c3f0000] _byte_map_base: 0x000001ef3bbe7000

Marking Bits (Prev, Next): (CMBitMap*) 0x000001ef313d97d0, (CMBitMap*) 0x000001ef313d9810
 Prev Bits: [0x000001ef3c7e0000, 0x000001ef3e718000)
 Next Bits: [0x000001ef3e720000, 0x000001ef40658000)

Polling page: 0x000001ef2f4e0000

Metaspace:

Usage:
  Non-class:     49.61 MB used.
      Class:      8.27 MB used.
       Both:     57.88 MB used.

Virtual space:
  Non-class space:       64.00 MB reserved,      49.88 MB ( 78%) committed,  1 nodes.
      Class space:        1.00 GB reserved,       8.50 MB ( <1%) committed,  1 nodes.
             Both:        1.06 GB reserved,      58.38 MB (  5%) committed. 

Chunk freelists:
   Non-Class:  13.23 MB
       Class:  7.53 MB
        Both:  20.76 MB

MaxMetaspaceSize: unlimited
CompressedClassSpaceSize: 1.00 GB
Initial GC threshold: 21.00 MB
Current GC threshold: 59.62 MB
CDS: on
MetaspaceReclaimPolicy: balanced
 - commit_granule_bytes: 65536.
 - commit_granule_words: 8192.
 - virtual_space_node_default_size: 8388608.
 - enlarge_chunks_in_place: 1.
 - new_chunks_are_fully_committed: 0.
 - uncommit_free_chunks: 1.
 - use_allocation_guard: 0.
 - handle_deallocations: 1.


Internal statistics:

num_allocs_failed_limit: 8.
num_arena_births: 756.
num_arena_deaths: 0.
num_vsnodes_births: 2.
num_vsnodes_deaths: 0.
num_space_committed: 934.
num_space_uncommitted: 0.
num_chunks_returned_to_freelist: 8.
num_chunks_taken_from_freelist: 2816.
num_chunk_merges: 8.
num_chunk_splits: 2032.
num_chunks_enlarged: 1556.
num_inconsistent_stats: 0.

CodeCache: size=49152Kb used=10896Kb max_used=10896Kb free=38256Kb
 bounds [0x000001ef38c10000, 0x000001ef396c0000, 0x000001ef3bc10000]
 total_blobs=6220 nmethods=5562 adapters=582
 compilation: enabled
              stopped_count=0, restarted_count=0
 full_count=0

Compilation events (20 events):
Event: 13.580 Thread 0x000001ef42c06d50 nmethod 5548 0x000001ef396a9d10 code [0x000001ef396a9ea0, 0x000001ef396a9f88]
Event: 13.581 Thread 0x000001ef42c08d30 nmethod 5547 0x000001ef396aa010 code [0x000001ef396aa3c0, 0x000001ef396ab4c8]
Event: 13.582 Thread 0x000001ef42c08d30 5549       1       java.lang.invoke.StringConcatFactory::generateMHInlineCopy (622 bytes)
Event: 13.586 Thread 0x000001ef42c08d30 nmethod 5549 0x000001ef396abf90 code [0x000001ef396ac420, 0x000001ef396ae0a8]
Event: 13.617 Thread 0x000001ef42c08d30 5550       1       java.lang.invoke.DelegatingMethodHandle::whichKind (44 bytes)
Event: 13.618 Thread 0x000001ef42c06d50 5551       1       java.lang.invoke.LambdaFormEditor::filterArgumentsForm (74 bytes)
Event: 13.618 Thread 0x000001ef42c08d30 nmethod 5550 0x000001ef396af490 code [0x000001ef396af620, 0x000001ef396af738]
Event: 13.618 Thread 0x000001ef42c06d50 nmethod 5551 0x000001ef396af790 code [0x000001ef396af960, 0x000001ef396afb18]
Event: 13.626 Thread 0x000001ef42c08d30 5552       1       sun.rmi.transport.DGCImpl$2$$Lambda$94/0x000001ef44080420::checkInput (5 bytes)
Event: 13.626 Thread 0x000001ef42a0b260 5553       1       sun.rmi.transport.DGCImpl::checkInput (149 bytes)
Event: 13.626 Thread 0x000001ef42c08d30 nmethod 5552 0x000001ef396b0510 code [0x000001ef396b06a0, 0x000001ef396b0788]
Event: 13.627 Thread 0x000001ef42a0b260 nmethod 5553 0x000001ef396b0810 code [0x000001ef396b0a00, 0x000001ef396b0e18]
Event: 13.628 Thread 0x000001ef42a0b260 5554       1       java.io.ObjectInputStream::checkResolve (86 bytes)
Event: 13.628 Thread 0x000001ef42a0b260 nmethod 5554 0x000001ef396b1010 code [0x000001ef396b11c0, 0x000001ef396b1398]
Event: 13.629 Thread 0x000001ef42a0b260 5555       1       sun.rmi.transport.WeakRef::hashCode (5 bytes)
Event: 13.629 Thread 0x000001ef42c08d30 5556       1       java.io.ObjectOutputStream$HandleTable::clear (27 bytes)
Event: 13.629 Thread 0x000001ef42a0b260 nmethod 5555 0x000001ef396b1510 code [0x000001ef396b16a0, 0x000001ef396b1778]
Event: 13.629 Thread 0x000001ef42c08d30 nmethod 5556 0x000001ef396b1810 code [0x000001ef396b19c0, 0x000001ef396b1b88]
Event: 13.651 Thread 0x000001ef42c06d50 5560  s    1       java.lang.invoke.MethodTypeForm::setCachedLambdaForm (44 bytes)
Event: 13.651 Thread 0x000001ef42c06d50 nmethod 5560 0x000001ef396b3810 code [0x000001ef396b39e0, 0x000001ef396b3eb8]

GC Heap History (20 events):
Event: 1.327 GC heap before
{Heap before GC invocations=2 (full 0):
 garbage-first heap   total 129024K, used 29618K [0x0000000083200000, 0x0000000100000000)
  region size 1024K, 22 young (22528K), 2 survivors (2048K)
 Metaspace       used 11247K, committed 11520K, reserved 1114112K
  class space    used 1532K, committed 1664K, reserved 1048576K
}
Event: 1.332 GC heap after
{Heap after GC invocations=3 (full 0):
 garbage-first heap   total 129024K, used 10985K [0x0000000083200000, 0x0000000100000000)
  region size 1024K, 3 young (3072K), 3 survivors (3072K)
 Metaspace       used 11247K, committed 11520K, reserved 1114112K
  class space    used 1532K, committed 1664K, reserved 1048576K
}
Event: 2.332 GC heap before
{Heap before GC invocations=3 (full 0):
 garbage-first heap   total 129024K, used 73449K [0x0000000083200000, 0x0000000100000000)
  region size 1024K, 66 young (67584K), 3 survivors (3072K)
 Metaspace       used 21252K, committed 21504K, reserved 1114112K
  class space    used 2804K, committed 2944K, reserved 1048576K
}
Event: 2.343 GC heap after
{Heap after GC invocations=4 (full 0):
 garbage-first heap   total 129024K, used 16017K [0x0000000083200000, 0x0000000100000000)
  region size 1024K, 8 young (8192K), 8 survivors (8192K)
 Metaspace       used 21252K, committed 21504K, reserved 1114112K
  class space    used 2804K, committed 2944K, reserved 1048576K
}
Event: 3.077 GC heap before
{Heap before GC invocations=5 (full 0):
 garbage-first heap   total 58368K, used 44689K [0x0000000083200000, 0x0000000100000000)
  region size 1024K, 37 young (37888K), 8 survivors (8192K)
 Metaspace       used 24714K, committed 24960K, reserved 1114112K
  class space    used 3259K, committed 3392K, reserved 1048576K
}
Event: 3.102 GC heap after
{Heap after GC invocations=6 (full 0):
 garbage-first heap   total 58368K, used 17478K [0x0000000083200000, 0x0000000100000000)
  region size 1024K, 7 young (7168K), 7 survivors (7168K)
 Metaspace       used 24714K, committed 24960K, reserved 1114112K
  class space    used 3259K, committed 3392K, reserved 1048576K
}
Event: 3.139 GC heap before
{Heap before GC invocations=6 (full 0):
 garbage-first heap   total 58368K, used 18502K [0x0000000083200000, 0x0000000100000000)
  region size 1024K, 8 young (8192K), 7 survivors (7168K)
 Metaspace       used 24910K, committed 25216K, reserved 1114112K
  class space    used 3290K, committed 3456K, reserved 1048576K
}
Event: 3.153 GC heap after
{Heap after GC invocations=7 (full 0):
 garbage-first heap   total 58368K, used 18008K [0x0000000083200000, 0x0000000100000000)
  region size 1024K, 1 young (1024K), 1 survivors (1024K)
 Metaspace       used 24910K, committed 25216K, reserved 1114112K
  class space    used 3290K, committed 3456K, reserved 1048576K
}
Event: 3.910 GC heap before
{Heap before GC invocations=7 (full 0):
 garbage-first heap   total 58368K, used 39512K [0x0000000083200000, 0x0000000100000000)
  region size 1024K, 22 young (22528K), 1 survivors (1024K)
 Metaspace       used 27769K, committed 28096K, reserved 1114112K
  class space    used 3815K, committed 3968K, reserved 1048576K
}
Event: 3.920 GC heap after
{Heap after GC invocations=8 (full 0):
 garbage-first heap   total 58368K, used 18324K [0x0000000083200000, 0x0000000100000000)
  region size 1024K, 2 young (2048K), 2 survivors (2048K)
 Metaspace       used 27769K, committed 28096K, reserved 1114112K
  class space    used 3815K, committed 3968K, reserved 1048576K
}
Event: 4.676 GC heap before
{Heap before GC invocations=8 (full 0):
 garbage-first heap   total 58368K, used 39828K [0x0000000083200000, 0x0000000100000000)
  region size 1024K, 24 young (24576K), 2 survivors (2048K)
 Metaspace       used 31051K, committed 31488K, reserved 1114112K
  class space    used 4361K, committed 4544K, reserved 1048576K
}
Event: 4.689 GC heap after
{Heap after GC invocations=9 (full 0):
 garbage-first heap   total 113664K, used 20448K [0x0000000083200000, 0x0000000100000000)
  region size 1024K, 3 young (3072K), 3 survivors (3072K)
 Metaspace       used 31051K, committed 31488K, reserved 1114112K
  class space    used 4361K, committed 4544K, reserved 1048576K
}
Event: 5.952 GC heap before
{Heap before GC invocations=9 (full 0):
 garbage-first heap   total 113664K, used 55264K [0x0000000083200000, 0x0000000100000000)
  region size 1024K, 38 young (38912K), 3 survivors (3072K)
 Metaspace       used 35959K, committed 36416K, reserved 1114112K
  class space    used 4992K, committed 5248K, reserved 1048576K
}
Event: 5.965 GC heap after
{Heap after GC invocations=10 (full 0):
 garbage-first heap   total 113664K, used 22758K [0x0000000083200000, 0x0000000100000000)
  region size 1024K, 6 young (6144K), 6 survivors (6144K)
 Metaspace       used 35959K, committed 36416K, reserved 1114112K
  class space    used 4992K, committed 5248K, reserved 1048576K
}
Event: 11.146 GC heap before
{Heap before GC invocations=11 (full 0):
 garbage-first heap   total 81920K, used 65766K [0x0000000083200000, 0x0000000100000000)
  region size 1024K, 48 young (49152K), 6 survivors (6144K)
 Metaspace       used 48236K, committed 48704K, reserved 1114112K
  class space    used 6695K, committed 6912K, reserved 1048576K
}
Event: 11.161 GC heap after
{Heap after GC invocations=12 (full 0):
 garbage-first heap   total 81920K, used 25458K [0x0000000083200000, 0x0000000100000000)
  region size 1024K, 5 young (5120K), 5 survivors (5120K)
 Metaspace       used 48236K, committed 48704K, reserved 1114112K
  class space    used 6695K, committed 6912K, reserved 1048576K
}
Event: 11.224 GC heap before
{Heap before GC invocations=12 (full 0):
 garbage-first heap   total 81920K, used 26482K [0x0000000083200000, 0x0000000100000000)
  region size 1024K, 6 young (6144K), 5 survivors (5120K)
 Metaspace       used 48422K, committed 48960K, reserved 1114112K
  class space    used 6725K, committed 6976K, reserved 1048576K
}
Event: 11.233 GC heap after
{Heap after GC invocations=13 (full 0):
 garbage-first heap   total 81920K, used 25817K [0x0000000083200000, 0x0000000100000000)
  region size 1024K, 1 young (1024K), 1 survivors (1024K)
 Metaspace       used 48422K, committed 48960K, reserved 1114112K
  class space    used 6725K, committed 6976K, reserved 1048576K
}
Event: 12.821 GC heap before
{Heap before GC invocations=13 (full 0):
 garbage-first heap   total 81920K, used 62681K [0x0000000083200000, 0x0000000100000000)
  region size 1024K, 37 young (37888K), 1 survivors (1024K)
 Metaspace       used 56583K, committed 57024K, reserved 1114112K
  class space    used 8060K, committed 8256K, reserved 1048576K
}
Event: 12.826 GC heap after
{Heap after GC invocations=14 (full 0):
 garbage-first heap   total 81920K, used 26529K [0x0000000083200000, 0x0000000100000000)
  region size 1024K, 2 young (2048K), 2 survivors (2048K)
 Metaspace       used 56583K, committed 57024K, reserved 1114112K
  class space    used 8060K, committed 8256K, reserved 1048576K
}

Deoptimization events (8 events):
Event: 1.483 Thread 0x000001ef3137e340 DEOPT PACKING pc=0x000001ef3914b799 sp=0x00000004920fd890
Event: 1.483 Thread 0x000001ef3137e340 DEOPT UNPACKING pc=0x000001ef38c666e3 sp=0x00000004920fcd70 mode 3
Event: 1.658 Thread 0x000001ef3137e340 DEOPT PACKING pc=0x000001ef39197755 sp=0x00000004920fdeb0
Event: 1.658 Thread 0x000001ef3137e340 DEOPT UNPACKING pc=0x000001ef38c666e3 sp=0x00000004920fd358 mode 3
Event: 4.030 Thread 0x000001ef3137e340 DEOPT PACKING pc=0x000001ef393d7499 sp=0x00000004920fe2b0
Event: 4.030 Thread 0x000001ef3137e340 DEOPT UNPACKING pc=0x000001ef38c666e3 sp=0x00000004920fd790 mode 3
Event: 4.908 Thread 0x000001ef3137e340 DEOPT PACKING pc=0x000001ef3945279d sp=0x00000004920fd930
Event: 4.908 Thread 0x000001ef3137e340 DEOPT UNPACKING pc=0x000001ef38c666e3 sp=0x00000004920fce98 mode 3

Classes unloaded (0 events):
No events

Classes redefined (0 events):
No events

Internal exceptions (20 events):
Event: 13.200 Thread 0x000001ef89d7f030 Exception <a 'java/io/FileNotFoundException'{0x0000000087be06f0}> (0x0000000087be06f0) 
thrown [s\open\src\hotspot\share\prims\jni.cpp, line 516]
Event: 13.200 Thread 0x000001ef89d7f030 Exception <a 'java/io/FileNotFoundException'{0x0000000087be1128}> (0x0000000087be1128) 
thrown [s\open\src\hotspot\share\prims\jni.cpp, line 516]
Event: 13.201 Thread 0x000001ef89d7f030 Exception <a 'java/io/FileNotFoundException'{0x0000000087be1b60}> (0x0000000087be1b60) 
thrown [s\open\src\hotspot\share\prims\jni.cpp, line 516]
Event: 13.201 Thread 0x000001ef89d7f030 Exception <a 'java/io/FileNotFoundException'{0x0000000087be2598}> (0x0000000087be2598) 
thrown [s\open\src\hotspot\share\prims\jni.cpp, line 516]
Event: 13.201 Thread 0x000001ef89d7f030 Exception <a 'java/io/FileNotFoundException'{0x0000000087be2fd0}> (0x0000000087be2fd0) 
thrown [s\open\src\hotspot\share\prims\jni.cpp, line 516]
Event: 13.201 Thread 0x000001ef89d7f030 Exception <a 'java/io/FileNotFoundException'{0x0000000087be3a08}> (0x0000000087be3a08) 
thrown [s\open\src\hotspot\share\prims\jni.cpp, line 516]
Event: 13.202 Thread 0x000001ef89d7f030 Exception <a 'java/io/FileNotFoundException'{0x0000000087be4440}> (0x0000000087be4440) 
thrown [s\open\src\hotspot\share\prims\jni.cpp, line 516]
Event: 13.202 Thread 0x000001ef89d7f030 Exception <a 'java/io/FileNotFoundException'{0x0000000087be4e78}> (0x0000000087be4e78) 
thrown [s\open\src\hotspot\share\prims\jni.cpp, line 516]
Event: 13.370 Thread 0x000001ef3137e340 Exception <a 'java/lang/NoSuchMethodError'{0x000000008730d970}: 'void java.lang.invoke.DirectMethodHandle$Holder.invokeStaticInit(java.lang.Object, int, java.lang.Object, java.lang.Object, java.lang.Object, java.lang.Object)'> (0x000000008730d970) 
thrown [s\open\src\hotspot\share\interpreter\linkResolver.cpp, line 759]
Event: 13.418 Thread 0x000001ef3137e340 Exception <a 'java/lang/NoSuchMethodError'{0x000000008726ac08}: 'int java.lang.invoke.DirectMethodHandle$Holder.invokeStatic(java.lang.Object, java.lang.Object, java.lang.Object, java.lang.Object, java.lang.Object)'> (0x000000008726ac08) 
thrown [s\open\src\hotspot\share\interpreter\linkResolver.cpp, line 759]
Event: 13.457 Thread 0x000001ef3137e340 Exception <a 'java/lang/NoSuchMethodError'{0x000000008714b330}: 'void java.lang.invoke.DirectMethodHandle$Holder.invokeInterface(java.lang.Object, java.lang.Object, int, java.lang.Object)'> (0x000000008714b330) 
thrown [s\open\src\hotspot\share\interpreter\linkResolver.cpp, line 759]
Event: 13.462 Thread 0x000001ef3137e340 Exception <a 'java/lang/NoSuchMethodError'{0x0000000087176768}: 'java.lang.Object java.lang.invoke.DirectMethodHandle$Holder.newInvokeSpecial(java.lang.Object, java.lang.Object, int, java.lang.Object)'> (0x0000000087176768) 
thrown [s\open\src\hotspot\share\interpreter\linkResolver.cpp, line 759]
Event: 13.463 Thread 0x000001ef3137e340 Exception <a 'java/lang/NoSuchMethodError'{0x000000008717a330}: 'java.lang.Object java.lang.invoke.Invokers$Holder.linkToTargetMethod(java.lang.Object, int, java.lang.Object, java.lang.Object)'> (0x000000008717a330) 
thrown [s\open\src\hotspot\share\interpreter\linkResolver.cpp, line 759]
Event: 13.489 Thread 0x000001ef3137e340 Exception <a 'java/lang/IncompatibleClassChangeError'{0x0000000087024c78}: Found class java.lang.Object, but interface was expected> (0x0000000087024c78) 
thrown [s\open\src\hotspot\share\interpreter\linkResolver.cpp, line 826]
Event: 13.545 Thread 0x000001ef3137e340 Exception <a 'java/lang/NoSuchMethodError'{0x0000000086f84c28}: 'int java.lang.invoke.DirectMethodHandle$Holder.invokeStatic(java.lang.Object, int, java.lang.Object)'> (0x0000000086f84c28) 
thrown [s\open\src\hotspot\share\interpreter\linkResolver.cpp, line 759]
Event: 13.548 Thread 0x000001ef3137e340 Exception <a 'java/lang/NoSuchMethodError'{0x0000000086fa3f48}: 'java.lang.Object java.lang.invoke.DirectMethodHandle$Holder.newInvokeSpecial(java.lang.Object, java.lang.Object, java.lang.Object, java.lang.Object, java.lang.Object, int, java.lang.Object)'> (0x0000000086fa3f48) 
thrown [s\open\src\hotspot\share\interpreter\linkResolver.cpp, line 759]
Event: 13.564 Thread 0x000001ef3137e340 Exception <a 'java/lang/NoSuchMethodError'{0x0000000086ff63d0}: 'java.lang.Object java.lang.invoke.DirectMethodHandle$Holder.newInvokeSpecial(java.lang.Object, java.lang.Object, java.lang.Object, java.lang.Object, java.lang.Object, java.lang.Object, java.lang.Object, java.lang.Object, java.lang.Object, java.lang.Object, java.lang.Object)'> (0x0000000086ff63d0) 
thrown [s\open\src\hotspot\share\interpreter\linkResolver.cpp, line 759]
Event: 13.565 Thread 0x000001ef3137e340 Exception <a 'java/lang/NoSuchMethodError'{0x0000000086ffb0e0}: 'java.lang.Object java.lang.invoke.DirectMethodHandle$Holder.invokeSpecial(java.lang.Object, java.lang.Object, java.lang.Object, java.lang.Object, java.lang.Object, java.lang.Object, java.lang.Object, java.lang.Object, java.lang.Object, java.lang.Object, java.lang.Object, java.lang.Object)'> (0x0000000086ffb0e0) 
thrown [s\open\src\hotspot\share\interpreter\linkResolver.cpp, line 759]
Event: 13.567 Thread 0x000001ef3137e340 Exception <a 'java/lang/NoSuchMethodError'{0x0000000086fff680}: 'java.lang.Object java.lang.invoke.Invokers$Holder.linkToTargetMethod(java.lang.Object, java.lang.Object, java.lang.Object, java.lang.Object, java.lang.Object, java.lang.Object, java.lang.Object, java.lang.Object, java.lang.Object, java.lang.Object, java.lang.Object)'> (0x0000000086fff680) 
thrown [s\open\src\hotspot\share\interpreter\linkResolver.cpp, line 759]
Event: 13.650 Thread 0x000001ef3137e340 Exception <a 'java/lang/NoSuchMethodError'{0x0000000086c01ed8}: 'java.lang.Object java.lang.invoke.DirectMethodHandle$Holder.newInvokeSpecial(java.lang.Object, java.lang.Object, int, java.lang.Object, int, java.lang.Object, java.lang.Object)'> (0x0000000086c01ed8) 
thrown [s\open\src\hotspot\share\interpreter\linkResolver.cpp, line 759]

VM Operations (20 events):
Event: 9.445 Executing VM operation: Cleanup
Event: 9.445 Executing VM operation: Cleanup done
Event: 10.455 Executing VM operation: Cleanup
Event: 10.455 Executing VM operation: Cleanup done
Event: 11.124 Executing VM operation: HandshakeAllThreads
Event: 11.124 Executing VM operation: HandshakeAllThreads done
Event: 11.146 Executing VM operation: G1CollectForAllocation
Event: 11.161 Executing VM operation: G1CollectForAllocation done
Event: 11.224 Executing VM operation: G1CollectForAllocation
Event: 11.233 Executing VM operation: G1CollectForAllocation done
Event: 11.305 Executing VM operation: HandshakeAllThreads
Event: 11.305 Executing VM operation: HandshakeAllThreads done
Event: 12.314 Executing VM operation: Cleanup
Event: 12.314 Executing VM operation: Cleanup done
Event: 12.777 Executing VM operation: HandshakeAllThreads
Event: 12.777 Executing VM operation: HandshakeAllThreads done
Event: 12.821 Executing VM operation: G1CollectForAllocation
Event: 12.826 Executing VM operation: G1CollectForAllocation done
Event: 13.250 Executing VM operation: ICBufferFull
Event: 13.250 Executing VM operation: ICBufferFull done

Events (20 events):
Event: 12.040 Thread 0x000001ef89d7ccc0 Thread added: 0x000001ef89d7ccc0
Event: 12.044 Thread 0x000001ef89d7ccc0 Thread exited: 0x000001ef89d7ccc0
Event: 12.237 loading class java/time/Clock$TickClock
Event: 12.239 loading class java/time/Clock$TickClock done
Event: 12.492 loading class java/lang/reflect/AnnotatedParameterizedType
Event: 12.493 loading class java/lang/reflect/AnnotatedParameterizedType done
Event: 12.546 Thread 0x000001ef89d7e610 Thread added: 0x000001ef89d7e610
Event: 12.565 Thread 0x000001ef89d7e610 Thread exited: 0x000001ef89d7e610
Event: 12.682 loading class java/lang/reflect/AnnotatedArrayType
Event: 12.682 loading class java/lang/reflect/AnnotatedArrayType done
Event: 13.116 Thread 0x000001ef89d780d0 Thread added: 0x000001ef89d780d0
Event: 13.123 Thread 0x000001ef89d780d0 Thread exited: 0x000001ef89d780d0
Event: 13.215 loading class sun/reflect/generics/tree/IntSignature
Event: 13.216 loading class sun/reflect/generics/tree/IntSignature done
Event: 13.243 loading class java/lang/reflect/AnnotatedWildcardType
Event: 13.243 loading class java/lang/reflect/AnnotatedWildcardType done
Event: 13.394 loading class jdk/internal/reflect/UnsafeObjectFieldAccessorImpl
Event: 13.394 loading class jdk/internal/reflect/UnsafeObjectFieldAccessorImpl done
Event: 13.625 Thread 0x000001ef89d7e100 Thread added: 0x000001ef89d7e100
Event: 13.630 Thread 0x000001ef89d7e100 Thread exited: 0x000001ef89d7e100


Dynamic libraries:
0x00007ff63c090000 - 0x00007ff63c0a0000 	C:\Program Files\Java\jdk-17\bin\java.exe
0x00007ff960570000 - 0x00007ff960768000 	C:\Windows\SYSTEM32\ntdll.dll
0x00007ff95f480000 - 0x00007ff95f53d000 	C:\Windows\System32\KERNEL32.DLL
0x00007ff95e1b0000 - 0x00007ff95e4a6000 	C:\Windows\System32\KERNELBASE.dll
0x00007ff95df20000 - 0x00007ff95e020000 	C:\Windows\System32\ucrtbase.dll
0x00007ff9424e0000 - 0x00007ff9424f9000 	C:\Program Files\Java\jdk-17\bin\jli.dll
0x00007ff95f000000 - 0x00007ff95f0af000 	C:\Windows\System32\ADVAPI32.dll
0x00007ff960130000 - 0x00007ff9601ce000 	C:\Windows\System32\msvcrt.dll
0x00007ff9424c0000 - 0x00007ff9424db000 	C:\Program Files\Java\jdk-17\bin\VCRUNTIME140.dll
0x00007ff95f110000 - 0x00007ff95f1ac000 	C:\Windows\System32\sechost.dll
0x00007ff95f1b0000 - 0x00007ff95f2d6000 	C:\Windows\System32\RPCRT4.dll
0x00007ff940d90000 - 0x00007ff94102a000 	C:\Windows\WinSxS\amd64_microsoft.windows.common-controls_6595b64144ccf1df_6.0.19041.3636_none_60b6a03d71f818d5\COMCTL32.dll
0x00007ff95f570000 - 0x00007ff95f59c000 	C:\Windows\System32\GDI32.dll
0x00007ff95f2e0000 - 0x00007ff95f47e000 	C:\Windows\System32\USER32.dll
0x00007ff95e020000 - 0x00007ff95e042000 	C:\Windows\System32\win32u.dll
0x00007ff95e4b0000 - 0x00007ff95e5ca000 	C:\Windows\System32\gdi32full.dll
0x00007ff95dcd0000 - 0x00007ff95dd6d000 	C:\Windows\System32\msvcp_win.dll
0x00007ff9558b0000 - 0x00007ff9558ba000 	C:\Windows\SYSTEM32\VERSION.dll
0x00007ff95f540000 - 0x00007ff95f570000 	C:\Windows\System32\IMM32.DLL
0x00007ff9424b0000 - 0x00007ff9424bc000 	C:\Program Files\Java\jdk-17\bin\vcruntime140_1.dll
0x00007ff9420a0000 - 0x00007ff94212e000 	C:\Program Files\Java\jdk-17\bin\msvcp140.dll
0x00007ff906920000 - 0x00007ff907501000 	C:\Program Files\Java\jdk-17\bin\server\jvm.dll
0x00007ff95f910000 - 0x00007ff95f918000 	C:\Windows\System32\PSAPI.DLL
0x00007ff94a300000 - 0x00007ff94a309000 	C:\Windows\SYSTEM32\WSOCK32.dll
0x00007ff95f810000 - 0x00007ff95f87b000 	C:\Windows\System32\WS2_32.dll
0x00007ff94b700000 - 0x00007ff94b727000 	C:\Windows\SYSTEM32\WINMM.dll
0x00007ff95c460000 - 0x00007ff95c472000 	C:\Windows\SYSTEM32\kernel.appcore.dll
0x00007ff942380000 - 0x00007ff94238a000 	C:\Program Files\Java\jdk-17\bin\jimage.dll
0x00007ff95b840000 - 0x00007ff95ba24000 	C:\Windows\SYSTEM32\DBGHELP.DLL
0x00007ff951d70000 - 0x00007ff951da4000 	C:\Windows\SYSTEM32\dbgcore.DLL
0x00007ff95dd70000 - 0x00007ff95ddf2000 	C:\Windows\System32\bcryptPrimitives.dll
0x00007ff955d00000 - 0x00007ff955d0e000 	C:\Program Files\Java\jdk-17\bin\instrument.dll
0x00007ff942550000 - 0x00007ff942575000 	C:\Program Files\Java\jdk-17\bin\java.dll
0x00007ff938150000 - 0x00007ff938227000 	C:\Program Files\Java\jdk-17\bin\jsvml.dll
0x00007ff95e780000 - 0x00007ff95eec4000 	C:\Windows\System32\SHELL32.dll
0x00007ff95bcb0000 - 0x00007ff95c44b000 	C:\Windows\SYSTEM32\windows.storage.dll
0x00007ff9601d0000 - 0x00007ff960524000 	C:\Windows\System32\combase.dll
0x00007ff95d4e0000 - 0x00007ff95d50d000 	C:\Windows\SYSTEM32\Wldp.dll
0x00007ff960080000 - 0x00007ff96012d000 	C:\Windows\System32\SHCORE.dll
0x00007ff95f0b0000 - 0x00007ff95f105000 	C:\Windows\System32\shlwapi.dll
0x00007ff95db80000 - 0x00007ff95dba5000 	C:\Windows\SYSTEM32\profapi.dll
0x00007ff942360000 - 0x00007ff942378000 	C:\Program Files\Java\jdk-17\bin\zip.dll
0x00007ff942530000 - 0x00007ff942549000 	C:\Program Files\Java\jdk-17\bin\net.dll
0x00007ff957c70000 - 0x00007ff957d7a000 	C:\Windows\SYSTEM32\WINHTTP.dll
0x00007ff95d2c0000 - 0x00007ff95d32a000 	C:\Windows\system32\mswsock.dll
0x00007ff942510000 - 0x00007ff942526000 	C:\Program Files\Java\jdk-17\bin\nio.dll
0x00007ff9433a0000 - 0x00007ff9433ba000 	C:\Users\User\AppData\Local\Programs\IntelliJ IDEA Ultimate\bin\breakgen64.dll
0x00007ff95d010000 - 0x00007ff95d0da000 	C:\Windows\SYSTEM32\DNSAPI.dll
0x00007ff95cfd0000 - 0x00007ff95d00b000 	C:\Windows\SYSTEM32\IPHLPAPI.DLL
0x00007ff95fea0000 - 0x00007ff95fea8000 	C:\Windows\System32\NSI.dll
0x00007ff952220000 - 0x00007ff95222a000 	C:\Windows\System32\rasadhlp.dll
0x00007ff9522f0000 - 0x00007ff952370000 	C:\Windows\System32\fwpuclnt.dll
0x00007ff95dca0000 - 0x00007ff95dcc7000 	C:\Windows\System32\bcrypt.dll
0x00007ff950a60000 - 0x00007ff950a6a000 	C:\Program Files\Java\jdk-17\bin\management.dll
0x00007ff94b500000 - 0x00007ff94b50b000 	C:\Program Files\Java\jdk-17\bin\management_ext.dll
0x00007ff95d520000 - 0x00007ff95d538000 	C:\Windows\SYSTEM32\CRYPTSP.dll
0x00007ff95cc10000 - 0x00007ff95cc44000 	C:\Windows\system32\rsaenh.dll
0x00007ff95db40000 - 0x00007ff95db6e000 	C:\Windows\SYSTEM32\USERENV.dll
0x00007ff95d450000 - 0x00007ff95d45c000 	C:\Windows\SYSTEM32\CRYPTBASE.dll
0x00007ff954e70000 - 0x00007ff954e87000 	C:\Windows\SYSTEM32\dhcpcsvc6.DLL
0x00007ff954e30000 - 0x00007ff954e4d000 	C:\Windows\SYSTEM32\dhcpcsvc.DLL
0x00007ff944900000 - 0x00007ff944917000 	C:\Windows\system32\napinsp.dll
0x00007ff9448e0000 - 0x00007ff9448fb000 	C:\Windows\system32\pnrpnsp.dll
0x00007ff957c10000 - 0x00007ff957c25000 	C:\Windows\system32\wshbth.dll
0x00007ff957c40000 - 0x00007ff957c5d000 	C:\Windows\system32\NLAapi.dll
0x00007ff9448c0000 - 0x00007ff9448d2000 	C:\Windows\System32\winrnr.dll
0x00007ff94b4f0000 - 0x00007ff94b4fe000 	C:\Program Files\Java\jdk-17\bin\sunmscapi.dll
0x00007ff95e050000 - 0x00007ff95e1ad000 	C:\Windows\System32\CRYPT32.dll
0x00007ff95d690000 - 0x00007ff95d6b7000 	C:\Windows\SYSTEM32\ncrypt.dll
0x00007ff95d650000 - 0x00007ff95d68b000 	C:\Windows\SYSTEM32\NTASN1.dll
0x00007ff942090000 - 0x00007ff9420a0000 	C:\Program Files\Java\jdk-17\bin\verify.dll

dbghelp: loaded successfully - version: 4.0.5 - missing functions: none
symbol engine: initialized successfully - sym options: 0x614 - pdb path: .;C:\Program Files\Java\jdk-17\bin;C:\Windows\SYSTEM32;C:\Windows\WinSxS\amd64_microsoft.windows.common-controls_6595b64144ccf1df_6.0.19041.3636_none_60b6a03d71f818d5;C:\Program Files\Java\jdk-17\bin\server;C:\Users\User\AppData\Local\Programs\IntelliJ IDEA Ultimate\bin

VM Arguments:
jvm_args: -XX:TieredStopAtLevel=1 -Dspring.output.ansi.enabled=always -Dcom.sun.management.jmxremote -Dspring.jmx.enabled=true -Dspring.liveBeansView.mbeanDomain -Dspring.application.admin.enabled=true -Dmanagement.endpoints.jmx.exposure.include=* -javaagent:C:\Users\User\AppData\Local\Programs\IntelliJ IDEA Ultimate\lib\idea_rt.jar=56366:C:\Users\User\AppData\Local\Programs\IntelliJ IDEA Ultimate\bin -Dfile.encoding=UTF-8 
java_command: com.example.onlinemedicine.OnlineMedicineApplication
java_class_path (initial): C:\Users\User\IdeaProjects\Online-Pharmacy\build\classes\java\main;C:\Users\User\IdeaProjects\Online-Pharmacy\build\resources\main;C:\Users\User\.gradle\caches\modules-2\files-2.1\org.projectlombok\lombok\1.18.30\f195ee86e6c896ea47a1d39defbe20eb59cd149d\lombok-1.18.30.jar;C:\Users\User\.gradle\caches\modules-2\files-2.1\org.springframework.boot\spring-boot-starter-security\3.1.5\5609ddc1b11034278ca1174bfef45d0bea96f060\spring-boot-starter-security-3.1.5.jar;C:\Users\User\.gradle\caches\modules-2\files-2.1\org.springframework.boot\spring-boot-starter-data-jpa\3.1.5\5fdcfab1fe9d6dddf4352d71f5ed879eb1aa92c2\spring-boot-starter-data-jpa-3.1.5.jar;C:\Users\User\.gradle\caches\modules-2\files-2.1\org.springframework.boot\spring-boot-starter-hateoas\2.6.4\68d070bb599e58b6b438281ddbec1222581db440\spring-boot-starter-hateoas-2.6.4.jar;C:\Users\User\.gradle\caches\modules-2\files-2.1\org.springframework.boot\spring-boot-starter-web\3.1.5\3674e5603cc25bc4dccf73b97d50234332fc3d72\spring-boot-starter-web-3.1.5.jar;C:\Users\User\.gradle\caches\modules-2\files-2.1\redis.clients\jedis\4.4.3\a3841f38753f75ec0aa1f48f4b26ecb9434ce1fe\jedis-4.4.3.jar;C:\Users\User\.gradle\caches\modules-2\files-2.1\com.google.code.gson\gson\2.10.1\b3add478d4382b78ea20b1671390a858002feb6c\gson-2.10.1.jar;C:\Users\User\.gradle\caches\modules-2\files-2.1\org.modelmapper\modelmapper\3.1.1\6636e94590e9d98e5e7db7e4fafcc15e9390e18d\modelmapper-3.1.1.jar;C:\Users\User\.gradle\caches\modules-2\files-2.1\io.jsonwebtoken\jjwt-api\0.11.5\f742940045619d06383e7df37b21ac422b476cf1\jjwt-api-0.11.5.jar;C:\Users\User\.gradle\caches\modules-2\files-2.1\org.hibernate.validator\hibernate-validator\6.2.0.Final\d6b0760dfffbf379cedd02f715ff4c9a2e215921\hibernate-validator-6.2.0.Final.jar;C:\Users\User\.gradle\caches\modules-2\files-2.1\org.springdoc\springdoc-openapi-starter-webmvc-ui\2.2.0\178d8ed6714d78b8b475c45bc60642a9232fcb70\springdoc-openapi-starter-webmvc-ui-2.2.0.jar;C:\Users\User\.gradle
Launcher Type: SUN_STANDARD

[Global flags]
     intx CICompilerCount                          = 3                                         {product} {ergonomic}
     uint ConcGCThreads                            = 1                                         {product} {ergonomic}
     uint G1ConcRefinementThreads                  = 4                                         {product} {ergonomic}
   size_t G1HeapRegionSize                         = 1048576                                   {product} {ergonomic}
    uintx GCDrainStackTargetSize                   = 64                                        {product} {ergonomic}
   size_t InitialHeapSize                          = 132120576                                 {product} {ergonomic}
     bool ManagementServer                         = true                                      {product} {command line}
   size_t MarkStackSize                            = 4194304                                   {product} {ergonomic}
   size_t MaxHeapSize                              = 2095054848                                {product} {ergonomic}
   size_t MaxNewSize                               = 1256194048                                {product} {ergonomic}
   size_t MinHeapDeltaBytes                        = 1048576                                   {product} {ergonomic}
   size_t MinHeapSize                              = 8388608                                   {product} {ergonomic}
    uintx NonProfiledCodeHeapSize                  = 0                                      {pd product} {ergonomic}
     bool ProfileInterpreter                       = false                                  {pd product} {command line}
    uintx ProfiledCodeHeapSize                     = 0                                      {pd product} {ergonomic}
   size_t SoftMaxHeapSize                          = 2095054848                             {manageable} {ergonomic}
     intx TieredStopAtLevel                        = 1                                         {product} {command line}
     bool UseCompressedClassPointers               = true                           {product lp64_product} {ergonomic}
     bool UseCompressedOops                        = true                           {product lp64_product} {ergonomic}
     bool UseG1GC                                  = true                                      {product} {ergonomic}
     bool UseLargePagesIndividualAllocation        = false                                  {pd product} {ergonomic}

Logging:
Log output configuration:
 #0: stdout all=warning uptime,level,tags
 #1: stderr all=off uptime,level,tags

Environment Variables:
JAVA_HOME=C:\Program Files\Java\jdk-17
PATH=C:\Python312\Scripts\;C:\Python312\;C:\Program Files\Common Files\Oracle\Java\javapath;C:\Windows\system32;C:\Windows;C:\Windows\System32\Wbem;C:\Windows\System32\WindowsPowerShell\v1.0\;C:\Windows\System32\OpenSSH\;C:\Program Files\Docker\Docker\resources\bin;C:\Program Files\Git\cmd;C:\Program Files\Git\bin;C:\Program Files\Git\cmd;C:\Program Files\Java\jdk-17\bin;C:\Program Files\nodejs\;C:\ProgramData\chocolatey\bin;C:\Users\User\AppData\Local\Microsoft\WindowsApps;C:\Users\User\AppData\Local\JetBrains\Toolbox\scripts;C:\Users\User\AppData\Roaming\npm;C:\Program Files\nodejs;C:\Program Files\gradle-8.4-bin\gradle-8.4\bin;C:\Program Files\heroku\bin
USERNAME=Elyor Azimov
OS=Windows_NT
PROCESSOR_IDENTIFIER=Intel64 Family 6 Model 140 Stepping 1, GenuineIntel



---------------  S Y S T E M  ---------------

OS:
 Windows 10 , 64 bit Build 19041 (10.0.19041.3636)
OS uptime: 6 days 3:26 hours
Hyper-V role detected

CPU: total 4 (initial active 4) (2 cores per cpu, 2 threads per core) family 6 model 140 stepping 1 microcode 0x8a, cx8, cmov, fxsr, ht, mmx, 3dnowpref, sse, sse2, sse3, ssse3, sse4.1, sse4.2, popcnt, lzcnt, tsc, tscinvbit, avx, avx2, aes, erms, clmul, bmi1, bmi2, adx, avx512f, avx512dq, avx512cd, avx512bw, avx512vl, sha, fma, vzeroupper, avx512_vpopcntdq, avx512_vpclmulqdq, avx512_vaes, avx512_vnni, clflush, clflushopt, clwb, avx512_vbmi2, avx512_vbmi, hv

Memory: 4k page, system-wide physical 7991M (156M free)
TotalPageFile size 20406M (AvailPageFile size 46M)
current process WorkingSet (physical memory assigned to process): 215M, peak: 215M
current process commit charge ("private bytes"): 247M, peak: 247M

vm_info: Java HotSpot(TM) 64-Bit Server VM (17.0.9+11-LTS-201) for windows-amd64 JRE (17.0.9+11-LTS-201), built on Oct 10 2023 23:16:06 by "mach5one" with MS VC++ 17.1 (VS2022)

END.
